INFO  [2015-05-24 04:17:14,395] edu.sjsu.cmpe.cache.CacheService: Loaded resources
WARN  [2015-05-24 04:17:14,410] com.yammer.dropwizard.config.ServerFactory: 
!!!!!!!!!!!!!!!!!!!!!!!!!!!!!!!!!!!!!!!!!!!!!!!!!!!!!!!!!!!!!!!!!!!!!!!!!!!!!!!!
!!!!!!!!!!!!!!!!!!!!!!!!!!!!!!!!!!!!!!!!!!!!!!!!!!!!!!!!!!!!!!!!!!!!!!!!!!!!!!!!
!    THIS SERVICE HAS NO HEALTHCHECKS. THIS MEANS YOU WILL NEVER KNOW IF IT    !
!    DIES IN PRODUCTION, WHICH MEANS YOU WILL NEVER KNOW IF YOU'RE LETTING     !
!     YOUR USERS DOWN. YOU SHOULD ADD A HEALTHCHECK FOR EACH DEPENDENCY OF     !
!     YOUR SERVICE WHICH FULLY (BUT LIGHTLY) TESTS YOUR SERVICE'S ABILITY TO   !
!      USE THAT SERVICE. THINK OF IT AS A CONTINUOUS INTEGRATION TEST.         !
!!!!!!!!!!!!!!!!!!!!!!!!!!!!!!!!!!!!!!!!!!!!!!!!!!!!!!!!!!!!!!!!!!!!!!!!!!!!!!!!
!!!!!!!!!!!!!!!!!!!!!!!!!!!!!!!!!!!!!!!!!!!!!!!!!!!!!!!!!!!!!!!!!!!!!!!!!!!!!!!!
INFO  [2015-05-24 04:17:14,473] com.yammer.dropwizard.cli.ServerCommand: Starting cache-server
INFO  [2015-05-24 04:17:14,488] org.eclipse.jetty.server.Server: jetty-8.y.z-SNAPSHOT
INFO  [2015-05-24 04:17:14,598] com.sun.jersey.server.impl.application.WebApplicationImpl: Initiating Jersey application, version 'Jersey: 1.17.1 02/28/2013 12:47 PM'
INFO  [2015-05-24 04:17:14,645] com.yammer.dropwizard.config.Environment: The following paths were found for the configured resources:

    DELETE  /cache/{key} (edu.sjsu.cmpe.cache.api.resources.CacheResource)
    GET     /cache/ (edu.sjsu.cmpe.cache.api.resources.CacheResource)
    GET     /cache/{key} (edu.sjsu.cmpe.cache.api.resources.CacheResource)
    PUT     /cache/{key}/{value} (edu.sjsu.cmpe.cache.api.resources.CacheResource)

INFO  [2015-05-24 04:17:14,660] com.yammer.dropwizard.config.Environment: tasks = 

    POST    /tasks/gc (com.yammer.dropwizard.tasks.GarbageCollectionTask)

INFO  [2015-05-24 04:17:14,927] org.eclipse.jetty.server.AbstractConnector: Started InstrumentedBlockingChannelConnector@0.0.0.0:3002
WARN  [2015-05-24 04:17:14,927] org.eclipse.jetty.server.AbstractConnector: insufficient threads configured for SocketConnector@0.0.0.0:7002
INFO  [2015-05-24 04:17:14,927] org.eclipse.jetty.server.AbstractConnector: Started SocketConnector@0.0.0.0:7002
INFO  [2015-05-24 06:04:50,902] edu.sjsu.cmpe.cache.CacheService: Loaded resources
WARN  [2015-05-24 06:04:50,917] com.yammer.dropwizard.config.ServerFactory: 
!!!!!!!!!!!!!!!!!!!!!!!!!!!!!!!!!!!!!!!!!!!!!!!!!!!!!!!!!!!!!!!!!!!!!!!!!!!!!!!!
!!!!!!!!!!!!!!!!!!!!!!!!!!!!!!!!!!!!!!!!!!!!!!!!!!!!!!!!!!!!!!!!!!!!!!!!!!!!!!!!
!    THIS SERVICE HAS NO HEALTHCHECKS. THIS MEANS YOU WILL NEVER KNOW IF IT    !
!    DIES IN PRODUCTION, WHICH MEANS YOU WILL NEVER KNOW IF YOU'RE LETTING     !
!     YOUR USERS DOWN. YOU SHOULD ADD A HEALTHCHECK FOR EACH DEPENDENCY OF     !
!     YOUR SERVICE WHICH FULLY (BUT LIGHTLY) TESTS YOUR SERVICE'S ABILITY TO   !
!      USE THAT SERVICE. THINK OF IT AS A CONTINUOUS INTEGRATION TEST.         !
!!!!!!!!!!!!!!!!!!!!!!!!!!!!!!!!!!!!!!!!!!!!!!!!!!!!!!!!!!!!!!!!!!!!!!!!!!!!!!!!
!!!!!!!!!!!!!!!!!!!!!!!!!!!!!!!!!!!!!!!!!!!!!!!!!!!!!!!!!!!!!!!!!!!!!!!!!!!!!!!!
INFO  [2015-05-24 06:04:50,964] com.yammer.dropwizard.cli.ServerCommand: Starting cache-server
INFO  [2015-05-24 06:04:50,980] org.eclipse.jetty.server.Server: jetty-8.y.z-SNAPSHOT
INFO  [2015-05-24 06:04:51,058] com.sun.jersey.server.impl.application.WebApplicationImpl: Initiating Jersey application, version 'Jersey: 1.17.1 02/28/2013 12:47 PM'
INFO  [2015-05-24 06:04:51,105] com.yammer.dropwizard.config.Environment: The following paths were found for the configured resources:

    DELETE  /cache/{key} (edu.sjsu.cmpe.cache.api.resources.CacheResource)
    GET     /cache/ (edu.sjsu.cmpe.cache.api.resources.CacheResource)
    GET     /cache/{key} (edu.sjsu.cmpe.cache.api.resources.CacheResource)
    PUT     /cache/{key}/{value} (edu.sjsu.cmpe.cache.api.resources.CacheResource)

INFO  [2015-05-24 06:04:51,105] com.yammer.dropwizard.config.Environment: tasks = 

    POST    /tasks/gc (com.yammer.dropwizard.tasks.GarbageCollectionTask)

INFO  [2015-05-24 06:04:51,324] org.eclipse.jetty.server.AbstractConnector: Started InstrumentedBlockingChannelConnector@0.0.0.0:3002
INFO  [2015-05-24 06:04:51,324] org.eclipse.jetty.server.AbstractConnector: Started SocketConnector@0.0.0.0:7002
